<?xml version="1.0" encoding="UTF-8"?>
<!-- Generated by org.testng.reporters.JUnitReportReporter -->
<testsuite skipped="0" hostname="w3161800" name="test.datadriven.WikipediaTest" tests="7" failures="0" timestamp="29 ago 2018 00:49:53 GMT" time="14.871" errors="0">
  <testcase name="testDataDrivenExcel" time="2.055" classname="test.datadriven.WikipediaTest"/>
  <testcase name="testDataDrivenExcel" time="2.464" classname="test.datadriven.WikipediaTest"/>
  <testcase name="testDataDrivenExcel" time="1.974" classname="test.datadriven.WikipediaTest"/>
  <testcase name="testDataDrivenExcel" time="2.496" classname="test.datadriven.WikipediaTest"/>
  <testcase name="testDataDrivenExcel" time="1.455" classname="test.datadriven.WikipediaTest"/>
  <testcase name="testDataDrivenExcel" time="2.072" classname="test.datadriven.WikipediaTest"/>
  <testcase name="testDataDrivenExcel" time="2.355" classname="test.datadriven.WikipediaTest"/>
</testsuite> <!-- test.datadriven.WikipediaTest -->
