<?xml version="1.0" encoding="UTF-8"?>
<!-- Generated by org.testng.reporters.JUnitReportReporter -->
<testsuite skipped="0" hostname="w3161800" name="test.datadriven.WikipediaTest" tests="7" failures="0" timestamp="28 ago 2018 22:51:14 GMT" time="56.452" errors="0">
  <testcase name="testDataDrivenExcel" time="8.047" classname="test.datadriven.WikipediaTest"/>
  <testcase name="testDataDrivenExcel" time="8.939" classname="test.datadriven.WikipediaTest"/>
  <testcase name="testDataDrivenExcel" time="8.274" classname="test.datadriven.WikipediaTest"/>
  <testcase name="testDataDrivenExcel" time="8.208" classname="test.datadriven.WikipediaTest"/>
  <testcase name="testDataDrivenExcel" time="7.398" classname="test.datadriven.WikipediaTest"/>
  <testcase name="testDataDrivenExcel" time="7.699" classname="test.datadriven.WikipediaTest"/>
  <testcase name="testDataDrivenExcel" time="7.887" classname="test.datadriven.WikipediaTest"/>
</testsuite> <!-- test.datadriven.WikipediaTest -->
